
=== Tue Mar 31 19:08:29 2020

Packages were changed.
Update Mode: mergeDefaultDependencies

The following packages were updated:
  com.unity.ide.rider from version 1.0.4 to 1.0.8
  com.unity.ide.vscode from version 1.0.4 to 1.0.7

=== Fri Aug 28 22:17:13 2020

Packages were changed.
Update Mode: updateDependencies

The following packages were updated:
  com.unity.ads from version 2.0.8 to 3.4.5
  com.unity.analytics from version 3.3.2 to 3.3.5
  com.unity.ide.rider from version 1.0.8 to 1.1.4
  com.unity.ide.vscode from version 1.0.7 to 1.2.1
  com.unity.postprocessing from version 2.1.7 to 2.2.2
  com.unity.render-pipelines.lightweight from version 6.9.0 to 7.3.1
  com.unity.test-framework from version 1.0.13 to 1.1.14
  com.unity.timeline from version 1.1.0 to 1.2.6
The following packages were removed:
  com.unity.package-manager-ui@2.2.0

=== Fri Sep  4 09:36:38 2020

Packages were changed.
Update Mode: updateDependencies

The following packages were added:
  com.unity.ide.visualstudio@2.0.2
The following packages were updated:
  com.unity.ads from version 3.4.5 to 3.4.7
  com.unity.collab-proxy from version 1.2.16 to 1.3.8
  com.unity.ide.rider from version 1.1.4 to 1.2.1
  com.unity.render-pipelines.lightweight from version 7.3.1 to 8.2.0
  com.unity.test-framework from version 1.1.14 to 1.1.16
  com.unity.textmeshpro from version 2.0.1 to 3.0.1
