
=== Tue Mar 31 19:08:29 2020

Packages were changed.
Update Mode: mergeDefaultDependencies

The following packages were updated:
  com.unity.ide.rider from version 1.0.4 to 1.0.8
  com.unity.ide.vscode from version 1.0.4 to 1.0.7

=== Fri Aug 28 22:17:13 2020

Packages were changed.
Update Mode: updateDependencies

The following packages were updated:
  com.unity.ads from version 2.0.8 to 3.4.5
  com.unity.analytics from version 3.3.2 to 3.3.5
  com.unity.ide.rider from version 1.0.8 to 1.1.4
  com.unity.ide.vscode from version 1.0.7 to 1.2.1
  com.unity.postprocessing from version 2.1.7 to 2.2.2
  com.unity.render-pipelines.lightweight from version 6.9.0 to 7.3.1
  com.unity.test-framework from version 1.0.13 to 1.1.14
  com.unity.timeline from version 1.1.0 to 1.2.6
The following packages were removed:
  com.unity.package-manager-ui@2.2.0

=== Fri Sep  4 09:36:38 2020

Packages were changed.
Update Mode: updateDependencies

The following packages were added:
  com.unity.ide.visualstudio@2.0.2
The following packages were updated:
  com.unity.ads from version 3.4.5 to 3.4.7
  com.unity.collab-proxy from version 1.2.16 to 1.3.8
  com.unity.ide.rider from version 1.1.4 to 1.2.1
  com.unity.render-pipelines.lightweight from version 7.3.1 to 8.2.0
  com.unity.test-framework from version 1.1.14 to 1.1.16
  com.unity.textmeshpro from version 2.0.1 to 3.0.1

=== Wed Mar 31 11:31:35 2021

Packages were changed.
Update Mode: updateDependencies

The following packages were updated:
  com.unity.ads from version 3.4.7 to 3.6.1
  com.unity.analytics from version 3.3.5 to 3.5.3
  com.unity.collab-proxy from version 1.3.8 to 1.3.9
  com.unity.ext.nunit from version 1.0.0 to 1.0.6
  com.unity.ide.rider from version 1.2.1 to 2.0.7
  com.unity.ide.visualstudio from version 2.0.2 to 2.0.7
  com.unity.ide.vscode from version 1.2.1 to 1.2.3
  com.unity.purchasing from version 2.0.6 to 2.2.2
  com.unity.render-pipelines.lightweight from version 8.2.0 to 10.4.0
  com.unity.test-framework from version 1.1.16 to 1.1.24
  com.unity.timeline from version 1.2.6 to 1.4.6
  com.unity.visualeffectgraph from version 8.2.0 to 10.4.0

=== Tue Apr 13 12:08:45 2021

Packages were changed.
Update Mode: updateDependencies

The following packages were updated:
  com.unity.ide.rider from version 2.0.7 to 3.0.5
  com.unity.postprocessing from version 2.3.0 to 3.1.0
  com.unity.purchasing from version 2.2.2 to 3.0.1
  com.unity.textmeshpro from version 3.0.1 to 3.0.4
  com.unity.timeline from version 1.4.6 to 1.5.4
  com.unity.visualeffectgraph from version 10.4.0 to 11.0.0

=== Tue Aug 29 18:04:40 2023

Packages were changed.
Update Mode: updateDependencies

The following packages were updated:
  com.unity.ads from version 3.6.1 to 3.7.5
  com.unity.analytics from version 3.5.3 to 3.6.12
  com.unity.collab-proxy from version 1.3.9 to 1.15.17
  com.unity.ide.rider from version 3.0.5 to 3.0.14
  com.unity.ide.visualstudio from version 2.0.7 to 2.0.15
  com.unity.ide.vscode from version 1.2.3 to 1.2.5
  com.unity.postprocessing from version 3.1.0 to 3.2.2
  com.unity.purchasing from version 3.0.1 to 4.1.4
  com.unity.test-framework from version 1.1.24 to 1.1.31
  com.unity.textmeshpro from version 3.0.4 to 3.0.6
  com.unity.timeline from version 1.5.4 to 1.6.4
  com.unity.visualeffectgraph from version 11.0.0 to 12.1.7
The following packages were removed:
  com.unity.render-pipelines.lightweight@10.4.0
