Using pre-set license
Built from '2021.3/staging' branch; Version is '2021.3.4f1 (cb45f9cae8b7) revision 13321721'; Using compiler version '192829333'; Build Type 'Release'
OS: 'Windows 11  (10.0.22621) 64bit Professional' Language: 'en' Physical Memory: 65259 MB
BatchMode: 1, IsHumanControllingUs: 0, StartBugReporterOnCrash: 0, Is64bit: 1, IsPro: 1

COMMAND LINE ARGUMENTS:
C:\Program Files\Unity\Hub\Editor\2021.3.4f1\Editor\Unity.exe
-adb2
-batchMode
-noUpm
-name
AssetImportWorker0
-projectPath
C:/Users/Ishaan/Downloads/3DMarioKart-Test/3DMarioKart-TestDemo
-logFile
Logs/AssetImportWorker0.log
-srvPort
52124
Successfully changed project path to: C:/Users/Ishaan/Downloads/3DMarioKart-Test/3DMarioKart-TestDemo
C:/Users/Ishaan/Downloads/3DMarioKart-Test/3DMarioKart-TestDemo
[UnityMemory] Configuration Parameters - Can be set up in boot.config
    "memorysetup-bucket-allocator-granularity=16"
    "memorysetup-bucket-allocator-bucket-count=8"
    "memorysetup-bucket-allocator-block-size=33554432"
    "memorysetup-bucket-allocator-block-count=8"
    "memorysetup-main-allocator-block-size=16777216"
    "memorysetup-thread-allocator-block-size=16777216"
    "memorysetup-gfx-main-allocator-block-size=16777216"
    "memorysetup-gfx-thread-allocator-block-size=16777216"
    "memorysetup-cache-allocator-block-size=4194304"
    "memorysetup-typetree-allocator-block-size=2097152"
    "memorysetup-profiler-bucket-allocator-granularity=16"
    "memorysetup-profiler-bucket-allocator-bucket-count=8"
    "memorysetup-profiler-bucket-allocator-block-size=33554432"
    "memorysetup-profiler-bucket-allocator-block-count=8"
    "memorysetup-profiler-allocator-block-size=16777216"
    "memorysetup-profiler-editor-allocator-block-size=1048576"
    "memorysetup-temp-allocator-size-main=16777216"
    "memorysetup-job-temp-allocator-block-size=2097152"
    "memorysetup-job-temp-allocator-block-size-background=1048576"
    "memorysetup-job-temp-allocator-reduction-small-platforms=262144"
    "memorysetup-temp-allocator-size-background-worker=32768"
    "memorysetup-temp-allocator-size-job-worker=262144"
    "memorysetup-temp-allocator-size-preload-manager=33554432"
    "memorysetup-temp-allocator-size-nav-mesh-worker=65536"
    "memorysetup-temp-allocator-size-audio-worker=65536"
    "memorysetup-temp-allocator-size-cloud-worker=32768"
    "memorysetup-temp-allocator-size-gi-baking-worker=262144"
    "memorysetup-temp-allocator-size-gfx=262144"
Refreshing native plugins compatible for Editor in 108.99 ms, found 2 plugins.
Preloading 0 native plugins for Editor in 0.00 ms.
Initialize engine version: 2021.3.4f1 (cb45f9cae8b7)
[Subsystems] Discovering subsystems at path C:/Program Files/Unity/Hub/Editor/2021.3.4f1/Editor/Data/Resources/UnitySubsystems
[Subsystems] Discovering subsystems at path C:/Users/Ishaan/Downloads/3DMarioKart-Test/3DMarioKart-TestDemo/Assets
GfxDevice: creating device client; threaded=0; jobified=0
Direct3D:
    Version:  Direct3D 11.0 [level 11.1]
    Renderer: NVIDIA RTX A3000 Laptop GPU (ID=0x24b8)
    Vendor:   NVIDIA
    VRAM:     6004 MB
    Driver:   31.0.15.3187
Initialize mono
Mono path[0] = 'C:/Program Files/Unity/Hub/Editor/2021.3.4f1/Editor/Data/Managed'
Mono path[1] = 'C:/Program Files/Unity/Hub/Editor/2021.3.4f1/Editor/Data/MonoBleedingEdge/lib/mono/unityjit-win32'
Mono config path = 'C:/Program Files/Unity/Hub/Editor/2021.3.4f1/Editor/Data/MonoBleedingEdge/etc'
Using monoOptions --debugger-agent=transport=dt_socket,embedding=1,server=y,suspend=n,address=127.0.0.1:56480
Begin MonoManager ReloadAssembly
Registering precompiled unity dll's ...
Register platform support module: C:/Program Files/Unity/Hub/Editor/2021.3.4f1/Editor/Data/PlaybackEngines/AndroidPlayer/UnityEditor.Android.Extensions.dll
Register platform support module: C:/Program Files/Unity/Hub/Editor/2021.3.4f1/Editor/Data/PlaybackEngines/iOSSupport/UnityEditor.iOS.Extensions.dll
Register platform support module: C:/Program Files/Unity/Hub/Editor/2021.3.4f1/Editor/Data/PlaybackEngines/WindowsStandaloneSupport/UnityEditor.WindowsStandalone.Extensions.dll
Registered in 0.004052 seconds.
Native extension for WindowsStandalone target not found
[usbmuxd] Start listen thread
[usbmuxd] Listen thread started
[usbmuxd] Send listen message
Native extension for iOS target not found
Native extension for Android target not found
Refreshing native plugins compatible for Editor in 92.84 ms, found 2 plugins.
Preloading 0 native plugins for Editor in 0.00 ms.
Mono: successfully reloaded assembly
- Completed reload, in  0.536 seconds
Domain Reload Profiling:
	ReloadAssembly (536ms)
		BeginReloadAssembly (52ms)
			ExecutionOrderSort (0ms)
			DisableScriptedObjects (0ms)
			BackupInstance (0ms)
			ReleaseScriptingObjects (0ms)
			CreateAndSetChildDomain (1ms)
		EndReloadAssembly (404ms)
			LoadAssemblies (51ms)
			RebuildTransferFunctionScriptingTraits (0ms)
			SetupTypeCache (85ms)
			ReleaseScriptCaches (0ms)
			RebuildScriptCaches (22ms)
			SetupLoadedEditorAssemblies (247ms)
				LogAssemblyErrors (0ms)
				InitializePlatformSupportModulesInManaged (49ms)
				SetLoadedEditorAssemblies (0ms)
				RefreshPlugins (93ms)
				BeforeProcessingInitializeOnLoad (1ms)
				ProcessInitializeOnLoadAttributes (69ms)
				ProcessInitializeOnLoadMethodAttributes (35ms)
				AfterProcessingInitializeOnLoad (0ms)
				EditorAssembliesLoaded (0ms)
			ExecutionOrderSort2 (0ms)
			AwakeInstancesAfterBackupRestoration (0ms)
Platform modules already initialized, skipping
Registering precompiled user dll's ...
Registered in 0.003966 seconds.
Begin MonoManager ReloadAssembly
Native extension for WindowsStandalone target not found
Native extension for iOS target not found
Native extension for Android target not found
Refreshing native plugins compatible for Editor in 88.53 ms, found 2 plugins.
Preloading 0 native plugins for Editor in 0.00 ms.
Package Manager log level set to [2]
Mono: successfully reloaded assembly
- Completed reload, in  1.141 seconds
Domain Reload Profiling:
	ReloadAssembly (1141ms)
		BeginReloadAssembly (196ms)
			ExecutionOrderSort (0ms)
			DisableScriptedObjects (4ms)
			BackupInstance (0ms)
			ReleaseScriptingObjects (0ms)
			CreateAndSetChildDomain (133ms)
		EndReloadAssembly (865ms)
			LoadAssemblies (58ms)
			RebuildTransferFunctionScriptingTraits (0ms)
			SetupTypeCache (206ms)
			ReleaseScriptCaches (1ms)
			RebuildScriptCaches (59ms)
			SetupLoadedEditorAssemblies (502ms)
				LogAssemblyErrors (0ms)
				InitializePlatformSupportModulesInManaged (15ms)
				SetLoadedEditorAssemblies (0ms)
				RefreshPlugins (89ms)
				BeforeProcessingInitializeOnLoad (80ms)
				ProcessInitializeOnLoadAttributes (191ms)
				ProcessInitializeOnLoadMethodAttributes (121ms)
				AfterProcessingInitializeOnLoad (5ms)
				EditorAssembliesLoaded (0ms)
			ExecutionOrderSort2 (0ms)
			AwakeInstancesAfterBackupRestoration (6ms)
Platform modules already initialized, skipping
========================================================================
Worker process is ready to serve import requests
Launched and connected shader compiler UnityShaderCompiler.exe after 0.03 seconds
Refreshing native plugins compatible for Editor in 2.70 ms, found 2 plugins.
Preloading 0 native plugins for Editor in 0.00 ms.
Unloading 4950 Unused Serialized files (Serialized files now loaded: 0)
Unloading 83 unused Assets / (3.0 MB). Loaded Objects now: 5370.
Memory consumption went from 227.8 MB to 224.7 MB.
Total: 10.841800 ms (FindLiveObjects: 0.570100 ms CreateObjectMapping: 0.363700 ms MarkObjects: 8.665300 ms  DeleteObjects: 1.240600 ms)

AssetImportParameters requested are different than current active one (requested -> active):
  custom:video-decoder-ogg-theora: a1e56fd34408186e4bbccfd4996cb3dc -> 
  custom:container-muxer-webm: aa71ff27fc2769a1b78a27578f13a17b -> 
  custom:container-demuxer-webm: 4f35f7cbe854078d1ac9338744f61a02 -> 
  custom:video-encoder-webm-vp8: eb34c28f22e8b96e1ab97ce403110664 -> 
  custom:audio-encoder-webm-vorbis: bf7c407c2cedff20999df2af8eb42d56 -> 
  custom:framework-win-MediaFoundation: 216162199b28c13a410421893ffa2e32 -> 
  custom:container-demuxer-ogg: 62fdf1f143b41e24485cea50d1cbac27 -> 
  custom:video-decoder-webm-vp8: 9c59270c3fd7afecdb556c50c9e8de78 -> 
  custom:audio-decoder-ogg-vorbis: bf7c407c2cedff20999df2af8eb42d56 -> 
========================================================================
Received Import Request.
  Time since last request: 81931.334528 seconds.
  path: Assets/Shaders/AntigravityLightDecal.mat
  artifactKey: Guid(e5166054629af564a84b0ee6bcb17e4f) Importer(815301076,1909f56bfc062723c751e8b465ee728b)
Start importing Assets/Shaders/AntigravityLightDecal.mat using Guid(e5166054629af564a84b0ee6bcb17e4f) Importer(815301076,1909f56bfc062723c751e8b465ee728b)  -> (artifact id: '8fa3d1f040efe1fa2acca2c5d9e7f610') in 0.346501 seconds 
========================================================================
Received Import Request.
  Time since last request: 0.000029 seconds.
  path: Assets/Shaders/New Material.mat
  artifactKey: Guid(f771882b364167a47b152c4ab6e54a72) Importer(815301076,1909f56bfc062723c751e8b465ee728b)
Start importing Assets/Shaders/New Material.mat using Guid(f771882b364167a47b152c4ab6e54a72) Importer(815301076,1909f56bfc062723c751e8b465ee728b)  -> (artifact id: '9056319311fa12a1af1c268638b59682') in 0.016876 seconds 
========================================================================
Received Import Request.
  Time since last request: 16.051858 seconds.
  path: Assets/Scenes/New Material.mat
  artifactKey: Guid(53145676028f1d4419383bc4f96dd80f) Importer(815301076,1909f56bfc062723c751e8b465ee728b)
Start importing Assets/Scenes/New Material.mat using Guid(53145676028f1d4419383bc4f96dd80f) Importer(815301076,1909f56bfc062723c751e8b465ee728b)  -> (artifact id: 'e0d56d656383eeb69362cccf0089c585') in 0.866815 seconds 
========================================================================
Received Import Request.
  Time since last request: 1.311784 seconds.
  path: Assets/Scenes/MooMooMeadows.unity
  artifactKey: Guid(ca649371757997541b74e958de65d097) Importer(815301076,1909f56bfc062723c751e8b465ee728b)
Start importing Assets/Scenes/MooMooMeadows.unity using Guid(ca649371757997541b74e958de65d097) Importer(815301076,1909f56bfc062723c751e8b465ee728b)  -> (artifact id: 'e06cebd7591ed3baefbafd28ed88651d') in 0.001164 seconds 
========================================================================
Received Prepare
Registering precompiled user dll's ...
Registered in 0.003850 seconds.
Begin MonoManager ReloadAssembly
Native extension for WindowsStandalone target not found
Native extension for iOS target not found
Native extension for Android target not found
Refreshing native plugins compatible for Editor in 1.48 ms, found 2 plugins.
Preloading 0 native plugins for Editor in 0.00 ms.
UniversalRenderPipelineAsset_Renderer is missing RendererFeatures
This could be due to missing scripts or compile error.
UnityEngine.StackTraceUtility:ExtractStackTrace ()
UnityEngine.DebugLogHandler:LogFormat (UnityEngine.LogType,UnityEngine.Object,string,object[])
UnityEngine.Logger:Log (UnityEngine.LogType,object,UnityEngine.Object)
UnityEngine.Debug:LogError (object,UnityEngine.Object)
UnityEngine.Rendering.Universal.ScriptableRendererData:ValidateRendererFeatures () (at Library/PackageCache/com.unity.render-pipelines.universal@12.1.7/Runtime/ScriptableRendererData.cs:181)
UnityEngine.Rendering.Universal.ScriptableRendererData:OnValidate () (at Library/PackageCache/com.unity.render-pipelines.universal@12.1.7/Runtime/ScriptableRendererData.cs:76)
UnityEngine.Rendering.Universal.UniversalRendererData:OnValidate () (at Library/PackageCache/com.unity.render-pipelines.universal@12.1.7/Runtime/UniversalRendererData.cs:242)

(Filename: Library/PackageCache/com.unity.render-pipelines.universal@12.1.7/Runtime/ScriptableRendererData.cs Line: 181)

Mono: successfully reloaded assembly
- Completed reload, in  1.306 seconds
Domain Reload Profiling:
	ReloadAssembly (1307ms)
		BeginReloadAssembly (136ms)
			ExecutionOrderSort (0ms)
			DisableScriptedObjects (8ms)
			BackupInstance (0ms)
			ReleaseScriptingObjects (0ms)
			CreateAndSetChildDomain (48ms)
		EndReloadAssembly (1071ms)
			LoadAssemblies (77ms)
			RebuildTransferFunctionScriptingTraits (0ms)
			SetupTypeCache (250ms)
			ReleaseScriptCaches (3ms)
			RebuildScriptCaches (63ms)
			SetupLoadedEditorAssemblies (587ms)
				LogAssemblyErrors (0ms)
				InitializePlatformSupportModulesInManaged (26ms)
				SetLoadedEditorAssemblies (0ms)
				RefreshPlugins (2ms)
				BeforeProcessingInitializeOnLoad (70ms)
				ProcessInitializeOnLoadAttributes (272ms)
				ProcessInitializeOnLoadMethodAttributes (210ms)
				AfterProcessingInitializeOnLoad (6ms)
				EditorAssembliesLoaded (0ms)
			ExecutionOrderSort2 (0ms)
			AwakeInstancesAfterBackupRestoration (20ms)
Platform modules already initialized, skipping
Refreshing native plugins compatible for Editor in 5.43 ms, found 2 plugins.
Preloading 0 native plugins for Editor in 0.00 ms.
Unloading 4773 Unused Serialized files (Serialized files now loaded: 0)
Unloading 72 unused Assets / (3.0 MB). Loaded Objects now: 5463.
Memory consumption went from 225.2 MB to 222.2 MB.
Total: 8.566100 ms (FindLiveObjects: 0.538000 ms CreateObjectMapping: 0.306500 ms MarkObjects: 6.473100 ms  DeleteObjects: 1.245900 ms)

AssetImportParameters requested are different than current active one (requested -> active):
  custom:video-decoder-ogg-theora: a1e56fd34408186e4bbccfd4996cb3dc -> 
  custom:container-muxer-webm: aa71ff27fc2769a1b78a27578f13a17b -> 
  custom:container-demuxer-webm: 4f35f7cbe854078d1ac9338744f61a02 -> 
  custom:video-encoder-webm-vp8: eb34c28f22e8b96e1ab97ce403110664 -> 
  custom:audio-encoder-webm-vorbis: bf7c407c2cedff20999df2af8eb42d56 -> 
  custom:framework-win-MediaFoundation: 216162199b28c13a410421893ffa2e32 -> 
  custom:container-demuxer-ogg: 62fdf1f143b41e24485cea50d1cbac27 -> 
  custom:video-decoder-webm-vp8: 9c59270c3fd7afecdb556c50c9e8de78 -> 
  custom:audio-decoder-ogg-vorbis: bf7c407c2cedff20999df2af8eb42d56 -> 
========================================================================
Received Import Request.
  Time since last request: 102.447369 seconds.
  path: Assets/Scenes/Rainbow Road
  artifactKey: Guid(2cc951c47bbe0034889ada8bbd9dd3c7) Importer(815301076,1909f56bfc062723c751e8b465ee728b)
Start importing Assets/Scenes/Rainbow Road using Guid(2cc951c47bbe0034889ada8bbd9dd3c7) Importer(815301076,1909f56bfc062723c751e8b465ee728b)  -> (artifact id: 'ed29c5cf3bc6d680d746760194f812c1') in 0.012036 seconds 
========================================================================
Received Import Request.
  Time since last request: 0.004780 seconds.
  path: Assets/Scenes/Rainbow Road/LightingData.asset
  artifactKey: Guid(7ff08e8100b71dc4f8b018dcf3c09bbf) Importer(815301076,1909f56bfc062723c751e8b465ee728b)
Start importing Assets/Scenes/Rainbow Road/LightingData.asset using Guid(7ff08e8100b71dc4f8b018dcf3c09bbf) Importer(815301076,1909f56bfc062723c751e8b465ee728b)  -> (artifact id: 'ad5fb45906fa360cb51d6393f15c6c33') in 0.027980 seconds 
========================================================================
Received Import Request.
  Time since last request: 0.000056 seconds.
  path: Assets/Scenes/Rainbow Road/ReflectionProbe-0.exr
  artifactKey: Guid(96fe414df67c13444a974f1ad7064e86) Importer(815301076,1909f56bfc062723c751e8b465ee728b)
Start importing Assets/Scenes/Rainbow Road/ReflectionProbe-0.exr using Guid(96fe414df67c13444a974f1ad7064e86) Importer(815301076,1909f56bfc062723c751e8b465ee728b) Refresh completed but there are assets queued up for importing. Check for code that modifies assets which gets called after OnPostProcessAllAssets. Additional details in Log file
UnityEngine.StackTraceUtility:ExtractStackTrace ()
UnityEditor.AssetDatabase:ImportAsset (string)
UnityEditor.VFX.VFXAssetManager:Build (bool) (at Library/PackageCache/com.unity.visualeffectgraph@12.1.7/Editor/Models/VFXGraph.cs:231)
UnityEditor.VFX.VFXLibrary:SRPChanged () (at Library/PackageCache/com.unity.visualeffectgraph@12.1.7/Editor/Core/VFXLibrary.cs:615)
UnityEngine.Rendering.RenderPipelineManager:OnActiveRenderPipelineTypeChanged ()
UnityEditor.PreviewRenderUtility:Render (bool,bool)
UnityEditor.CubemapPreview:RenderCubemap (UnityEngine.Texture,UnityEngine.Vector2,single)
UnityEditor.CubemapPreview:RenderStaticPreview (UnityEngine.Texture,int,int)
UnityEditor.TextureInspector:RenderStaticPreview (string,UnityEngine.Object[],int,int)
UnityEditor.AssetPreviewUpdater:CreatePreview (UnityEngine.Object,UnityEngine.Object[],string,int,int)
UnityEditor.AssetPreviewUpdater:CreatePreviewForAsset (UnityEngine.Object,UnityEngine.Object[],string)

[C:\buildslave\unity\build\Modules\AssetDatabase\Editor\V2\AssetDatabaseInternal.cpp line 2193]

Assets queued for import after Refresh completed:
	Assets/Models/Rainbow Road N64/Firework Graphs/Firework Blue Purple.vfx
Asset Pipeline Refresh: Total: 0.000 seconds - Initiated by StopAssetImportingV2(NoUpdateAssetOptions)
Assertion failed on expression: 'm_Ptr'
UnityEngine.StackTraceUtility:ExtractStackTrace ()
UnityEditor.AssetDatabase:ImportAsset (string)
UnityEditor.VFX.VFXAssetManager:Build (bool) (at Library/PackageCache/com.unity.visualeffectgraph@12.1.7/Editor/Models/VFXGraph.cs:231)
UnityEditor.VFX.VFXLibrary:SRPChanged () (at Library/PackageCache/com.unity.visualeffectgraph@12.1.7/Editor/Core/VFXLibrary.cs:615)
UnityEngine.Rendering.RenderPipelineManager:OnActiveRenderPipelineTypeChanged ()
UnityEditor.PreviewRenderUtility:Render (bool,bool)
UnityEditor.CubemapPreview:RenderCubemap (UnityEngine.Texture,UnityEngine.Vector2,single)
UnityEditor.CubemapPreview:RenderStaticPreview (UnityEngine.Texture,int,int)
UnityEditor.TextureInspector:RenderStaticPreview (string,UnityEngine.Object[],int,int)
UnityEditor.AssetPreviewUpdater:CreatePreview (UnityEngine.Object,UnityEngine.Object[],string,int,int)
UnityEditor.AssetPreviewUpdater:CreatePreviewForAsset (UnityEngine.Object,UnityEngine.Object[],string)

[C:\buildslave\unity\build\Runtime\Core\unique_ptr.h line 141]

Refresh completed but there are assets queued up for importing. Check for code that modifies assets which gets called after OnPostProcessAllAssets. Additional details in Log file
UnityEngine.StackTraceUtility:ExtractStackTrace ()
UnityEditor.AssetDatabase:ImportAsset (string)
UnityEditor.VFX.VFXAssetManager:Build (bool) (at Library/PackageCache/com.unity.visualeffectgraph@12.1.7/Editor/Models/VFXGraph.cs:231)
UnityEditor.VFX.VFXLibrary:SRPChanged () (at Library/PackageCache/com.unity.visualeffectgraph@12.1.7/Editor/Core/VFXLibrary.cs:615)
UnityEngine.Rendering.RenderPipelineManager:OnActiveRenderPipelineTypeChanged ()
UnityEditor.PreviewRenderUtility:Render (bool,bool)
UnityEditor.CubemapPreview:RenderCubemap (UnityEngine.Texture,UnityEngine.Vector2,single)
UnityEditor.CubemapPreview:RenderStaticPreview (UnityEngine.Texture,int,int)
UnityEditor.TextureInspector:RenderStaticPreview (string,UnityEngine.Object[],int,int)
UnityEditor.AssetPreviewUpdater:CreatePreview (UnityEngine.Object,UnityEngine.Object[],string,int,int)
UnityEditor.AssetPreviewUpdater:CreatePreviewForAsset (UnityEngine.Object,UnityEngine.Object[],string)

[C:\buildslave\unity\build\Modules\AssetDatabase\Editor\V2\AssetDatabaseInternal.cpp line 2193]

Assets queued for import after Refresh completed:
	Assets/Models/Rainbow Road N64/Firework Graphs/Firework Cyan.vfx
	Assets/Models/Rainbow Road N64/Firework Graphs/Firework Blue Purple.vfx
Asset Pipeline Refresh: Total: 0.000 seconds - Initiated by StopAssetImportingV2(NoUpdateAssetOptions)
Assertion failed on expression: 'm_Ptr'
UnityEngine.StackTraceUtility:ExtractStackTrace ()
UnityEditor.AssetDatabase:ImportAsset (string)
UnityEditor.VFX.VFXAssetManager:Build (bool) (at Library/PackageCache/com.unity.visualeffectgraph@12.1.7/Editor/Models/VFXGraph.cs:231)
UnityEditor.VFX.VFXLibrary:SRPChanged () (at Library/PackageCache/com.unity.visualeffectgraph@12.1.7/Editor/Core/VFXLibrary.cs:615)
UnityEngine.Rendering.RenderPipelineManager:OnActiveRenderPipelineTypeChanged ()
UnityEditor.PreviewRenderUtility:Render (bool,bool)
UnityEditor.CubemapPreview:RenderCubemap (UnityEngine.Texture,UnityEngine.Vector2,single)
UnityEditor.CubemapPreview:RenderStaticPreview (UnityEngine.Texture,int,int)
UnityEditor.TextureInspector:RenderStaticPreview (string,UnityEngine.Object[],int,int)
UnityEditor.AssetPreviewUpdater:CreatePreview (UnityEngine.Object,UnityEngine.Object[],string,int,int)
UnityEditor.AssetPreviewUpdater:CreatePreviewForAsset (UnityEngine.Object,UnityEngine.Object[],string)

[C:\buildslave\unity\build\Runtime\Core\unique_ptr.h line 141]

Refresh completed but there are assets queued up for importing. Check for code that modifies assets which gets called after OnPostProcessAllAssets. Additional details in Log file
UnityEngine.StackTraceUtility:ExtractStackTrace ()
UnityEditor.AssetDatabase:ImportAsset (string)
UnityEditor.VFX.VFXAssetManager:Build (bool) (at Library/PackageCache/com.unity.visualeffectgraph@12.1.7/Editor/Models/VFXGraph.cs:231)
UnityEditor.VFX.VFXLibrary:SRPChanged () (at Library/PackageCache/com.unity.visualeffectgraph@12.1.7/Editor/Core/VFXLibrary.cs:615)
UnityEngine.Rendering.RenderPipelineManager:OnActiveRenderPipelineTypeChanged ()
UnityEditor.PreviewRenderUtility:Render (bool,bool)
UnityEditor.CubemapPreview:RenderCubemap (UnityEngine.Texture,UnityEngine.Vector2,single)
UnityEditor.CubemapPreview:RenderStaticPreview (UnityEngine.Texture,int,int)
UnityEditor.TextureInspector:RenderStaticPreview (string,UnityEngine.Object[],int,int)
UnityEditor.AssetPreviewUpdater:CreatePreview (UnityEngine.Object,UnityEngine.Object[],string,int,int)
UnityEditor.AssetPreviewUpdater:CreatePreviewForAsset (UnityEngine.Object,UnityEngine.Object[],string)

[C:\buildslave\unity\build\Modules\AssetDatabase\Editor\V2\AssetDatabaseInternal.cpp line 2193]

Assets queued for import after Refresh completed:
	Assets/Models/Rainbow Road N64/Firework Graphs/Firework Green.vfx
	Assets/Models/Rainbow Road N64/Firework Graphs/Firework Blue Purple.vfx
	Assets/Models/Rainbow Road N64/Firework Graphs/Firework Cyan.vfx
Asset Pipeline Refresh: Total: 0.000 seconds - Initiated by StopAssetImportingV2(NoUpdateAssetOptions)
Assertion failed on expression: 'm_Ptr'
UnityEngine.StackTraceUtility:ExtractStackTrace ()
UnityEditor.AssetDatabase:ImportAsset (string)
UnityEditor.VFX.VFXAssetManager:Build (bool) (at Library/PackageCache/com.unity.visualeffectgraph@12.1.7/Editor/Models/VFXGraph.cs:231)
UnityEditor.VFX.VFXLibrary:SRPChanged () (at Library/PackageCache/com.unity.visualeffectgraph@12.1.7/Editor/Core/VFXLibrary.cs:615)
UnityEngine.Rendering.RenderPipelineManager:OnActiveRenderPipelineTypeChanged ()
UnityEditor.PreviewRenderUtility:Render (bool,bool)
UnityEditor.CubemapPreview:RenderCubemap (UnityEngine.Texture,UnityEngine.Vector2,single)
UnityEditor.CubemapPreview:RenderStaticPreview (UnityEngine.Texture,int,int)
UnityEditor.TextureInspector:RenderStaticPreview (string,UnityEngine.Object[],int,int)
UnityEditor.AssetPreviewUpdater:CreatePreview (UnityEngine.Object,UnityEngine.Object[],string,int,int)
UnityEditor.AssetPreviewUpdater:CreatePreviewForAsset (UnityEngine.Object,UnityEngine.Object[],string)

[C:\buildslave\unity\build\Runtime\Core\unique_ptr.h line 141]

Refresh completed but there are assets queued up for importing. Check for code that modifies assets which gets called after OnPostProcessAllAssets. Additional details in Log file
UnityEngine.StackTraceUtility:ExtractStackTrace ()
UnityEditor.AssetDatabase:ImportAsset (string)
UnityEditor.VFX.VFXAssetManager:Build (bool) (at Library/PackageCache/com.unity.visualeffectgraph@12.1.7/Editor/Models/VFXGraph.cs:231)
UnityEditor.VFX.VFXLibrary:SRPChanged () (at Library/PackageCache/com.unity.visualeffectgraph@12.1.7/Editor/Core/VFXLibrary.cs:615)
UnityEngine.Rendering.RenderPipelineManager:OnActiveRenderPipelineTypeChanged ()
UnityEditor.PreviewRenderUtility:Render (bool,bool)
UnityEditor.CubemapPreview:RenderCubemap (UnityEngine.Texture,UnityEngine.Vector2,single)
UnityEditor.CubemapPreview:RenderStaticPreview (UnityEngine.Texture,int,int)
UnityEditor.TextureInspector:RenderStaticPreview (string,UnityEngine.Object[],int,int)
UnityEditor.AssetPreviewUpdater:CreatePreview (UnityEngine.Object,UnityEngine.Object[],string,int,int)
UnityEditor.AssetPreviewUpdater:CreatePreviewForAsset (UnityEngine.Object,UnityEngine.Object[],string)

[C:\buildslave\unity\build\Modules\AssetDatabase\Editor\V2\AssetDatabaseInternal.cpp line 2193]

Assets queued for import after Refresh completed:
	Assets/Models/Rainbow Road N64/Firework Graphs/Firework OrangeRed.vfx
	Assets/Models/Rainbow Road N64/Firework Graphs/Firework Green.vfx
	Assets/Models/Rainbow Road N64/Firework Graphs/Firework Blue Purple.vfx
	Assets/Models/Rainbow Road N64/Firework Graphs/Firework Cyan.vfx
Asset Pipeline Refresh: Total: 0.000 seconds - Initiated by StopAssetImportingV2(NoUpdateAssetOptions)
Assertion failed on expression: 'm_Ptr'
UnityEngine.StackTraceUtility:ExtractStackTrace ()
UnityEditor.AssetDatabase:ImportAsset (string)
UnityEditor.VFX.VFXAssetManager:Build (bool) (at Library/PackageCache/com.unity.visualeffectgraph@12.1.7/Editor/Models/VFXGraph.cs:231)
UnityEditor.VFX.VFXLibrary:SRPChanged () (at Library/PackageCache/com.unity.visualeffectgraph@12.1.7/Editor/Core/VFXLibrary.cs:615)
UnityEngine.Rendering.RenderPipelineManager:OnActiveRenderPipelineTypeChanged ()
UnityEditor.PreviewRenderUtility:Render (bool,bool)
UnityEditor.CubemapPreview:RenderCubemap (UnityEngine.Texture,UnityEngine.Vector2,single)
UnityEditor.CubemapPreview:RenderStaticPreview (UnityEngine.Texture,int,int)
UnityEditor.TextureInspector:RenderStaticPreview (string,UnityEngine.Object[],int,int)
UnityEditor.AssetPreviewUpdater:CreatePreview (UnityEngine.Object,UnityEngine.Object[],string,int,int)
UnityEditor.AssetPreviewUpdater:CreatePreviewForAsset (UnityEngine.Object,UnityEngine.Object[],string)

[C:\buildslave\unity\build\Runtime\Core\unique_ptr.h line 141]

Refresh completed but there are assets queued up for importing. Check for code that modifies assets which gets called after OnPostProcessAllAssets. Additional details in Log file
UnityEngine.StackTraceUtility:ExtractStackTrace ()
UnityEditor.AssetDatabase:ImportAsset (string)
UnityEditor.VFX.VFXAssetManager:Build (bool) (at Library/PackageCache/com.unity.visualeffectgraph@12.1.7/Editor/Models/VFXGraph.cs:231)
UnityEditor.VFX.VFXLibrary:SRPChanged () (at Library/PackageCache/com.unity.visualeffectgraph@12.1.7/Editor/Core/VFXLibrary.cs:615)
UnityEngine.Rendering.RenderPipelineManager:OnActiveRenderPipelineTypeChanged ()
UnityEditor.PreviewRenderUtility:Render (bool,bool)
UnityEditor.CubemapPreview:RenderCubemap (UnityEngine.Texture,UnityEngine.Vector2,single)
UnityEditor.CubemapPreview:RenderStaticPreview (UnityEngine.Texture,int,int)
UnityEditor.TextureInspector:RenderStaticPreview (string,UnityEngine.Object[],int,int)
UnityEditor.AssetPreviewUpdater:CreatePreview (UnityEngine.Object,UnityEngine.Object[],string,int,int)
UnityEditor.AssetPreviewUpdater:CreatePreviewForAsset (UnityEngine.Object,UnityEngine.Object[],string)

[C:\buildslave\unity\build\Modules\AssetDatabase\Editor\V2\AssetDatabaseInternal.cpp line 2193]

Assets queued for import after Refresh completed:
	Assets/Models/Rainbow Road N64/Firework Graphs/Firework OrangeRed.vfx
	Assets/Models/Rainbow Road N64/Firework Graphs/Firework Green.vfx
	Assets/Models/Rainbow Road N64/Firework Graphs/Firework Blue Purple.vfx
	Assets/Models/Rainbow Road N64/Firework Graphs/Firework Cyan.vfx
	Assets/Models/Rainbow Road N64/Firework Graphs/Firework PinkPurple.vfx
Asset Pipeline Refresh: Total: 0.000 seconds - Initiated by StopAssetImportingV2(NoUpdateAssetOptions)
Assertion failed on expression: 'm_Ptr'
UnityEngine.StackTraceUtility:ExtractStackTrace ()
UnityEditor.AssetDatabase:ImportAsset (string)
UnityEditor.VFX.VFXAssetManager:Build (bool) (at Library/PackageCache/com.unity.visualeffectgraph@12.1.7/Editor/Models/VFXGraph.cs:231)
UnityEditor.VFX.VFXLibrary:SRPChanged () (at Library/PackageCache/com.unity.visualeffectgraph@12.1.7/Editor/Core/VFXLibrary.cs:615)
UnityEngine.Rendering.RenderPipelineManager:OnActiveRenderPipelineTypeChanged ()
UnityEditor.PreviewRenderUtility:Render (bool,bool)
UnityEditor.CubemapPreview:RenderCubemap (UnityEngine.Texture,UnityEngine.Vector2,single)
UnityEditor.CubemapPreview:RenderStaticPreview (UnityEngine.Texture,int,int)
UnityEditor.TextureInspector:RenderStaticPreview (string,UnityEngine.Object[],int,int)
UnityEditor.AssetPreviewUpdater:CreatePreview (UnityEngine.Object,UnityEngine.Object[],string,int,int)
UnityEditor.AssetPreviewUpdater:CreatePreviewForAsset (UnityEngine.Object,UnityEngine.Object[],string)

[C:\buildslave\unity\build\Runtime\Core\unique_ptr.h line 141]

 -> (artifact id: '47d26736c6c9c7289c3c083a393231a8') in 0.377212 seconds 
========================================================================
Received Prepare
Registering precompiled user dll's ...
Registered in 0.003885 seconds.
Begin MonoManager ReloadAssembly
Native extension for WindowsStandalone target not found
Native extension for iOS target not found
Native extension for Android target not found
Refreshing native plugins compatible for Editor in 2.31 ms, found 2 plugins.
Preloading 0 native plugins for Editor in 0.00 ms.
UniversalRenderPipelineAsset_Renderer is missing RendererFeatures
This could be due to missing scripts or compile error.
UnityEngine.StackTraceUtility:ExtractStackTrace ()
UnityEngine.DebugLogHandler:LogFormat (UnityEngine.LogType,UnityEngine.Object,string,object[])
UnityEngine.Logger:Log (UnityEngine.LogType,object,UnityEngine.Object)
UnityEngine.Debug:LogError (object,UnityEngine.Object)
UnityEngine.Rendering.Universal.ScriptableRendererData:ValidateRendererFeatures () (at Library/PackageCache/com.unity.render-pipelines.universal@12.1.7/Runtime/ScriptableRendererData.cs:181)
UnityEngine.Rendering.Universal.ScriptableRendererData:OnValidate () (at Library/PackageCache/com.unity.render-pipelines.universal@12.1.7/Runtime/ScriptableRendererData.cs:76)
UnityEngine.Rendering.Universal.UniversalRendererData:OnValidate () (at Library/PackageCache/com.unity.render-pipelines.universal@12.1.7/Runtime/UniversalRendererData.cs:242)

(Filename: Library/PackageCache/com.unity.render-pipelines.universal@12.1.7/Runtime/ScriptableRendererData.cs Line: 181)

Mono: successfully reloaded assembly
- Completed reload, in  1.427 seconds
Domain Reload Profiling:
	ReloadAssembly (1428ms)
		BeginReloadAssembly (119ms)
			ExecutionOrderSort (0ms)
			DisableScriptedObjects (12ms)
			BackupInstance (0ms)
			ReleaseScriptingObjects (0ms)
			CreateAndSetChildDomain (43ms)
		EndReloadAssembly (1233ms)
			LoadAssemblies (69ms)
			RebuildTransferFunctionScriptingTraits (0ms)
			SetupTypeCache (224ms)
			ReleaseScriptCaches (3ms)
			RebuildScriptCaches (63ms)
			SetupLoadedEditorAssemblies (544ms)
				LogAssemblyErrors (0ms)
				InitializePlatformSupportModulesInManaged (29ms)
				SetLoadedEditorAssemblies (0ms)
				RefreshPlugins (2ms)
				BeforeProcessingInitializeOnLoad (79ms)
				ProcessInitializeOnLoadAttributes (252ms)
				ProcessInitializeOnLoadMethodAttributes (173ms)
				AfterProcessingInitializeOnLoad (8ms)
				EditorAssembliesLoaded (0ms)
			ExecutionOrderSort2 (0ms)
			AwakeInstancesAfterBackupRestoration (21ms)
Platform modules already initialized, skipping
Refreshing native plugins compatible for Editor in 7.27 ms, found 2 plugins.
Preloading 0 native plugins for Editor in 0.00 ms.
Unloading 4779 Unused Serialized files (Serialized files now loaded: 0)
Unloading 72 unused Assets / (3.1 MB). Loaded Objects now: 5508.
Memory consumption went from 225.9 MB to 222.8 MB.
Total: 7.775600 ms (FindLiveObjects: 0.583400 ms CreateObjectMapping: 0.426900 ms MarkObjects: 5.879400 ms  DeleteObjects: 0.884200 ms)

AssetImportParameters requested are different than current active one (requested -> active):
  custom:video-decoder-ogg-theora: a1e56fd34408186e4bbccfd4996cb3dc -> 
  custom:container-muxer-webm: aa71ff27fc2769a1b78a27578f13a17b -> 
  custom:container-demuxer-webm: 4f35f7cbe854078d1ac9338744f61a02 -> 
  custom:video-encoder-webm-vp8: eb34c28f22e8b96e1ab97ce403110664 -> 
  custom:audio-encoder-webm-vorbis: bf7c407c2cedff20999df2af8eb42d56 -> 
  custom:framework-win-MediaFoundation: 216162199b28c13a410421893ffa2e32 -> 
  custom:container-demuxer-ogg: 62fdf1f143b41e24485cea50d1cbac27 -> 
  custom:video-decoder-webm-vp8: 9c59270c3fd7afecdb556c50c9e8de78 -> 
  custom:audio-decoder-ogg-vorbis: bf7c407c2cedff20999df2af8eb42d56 -> 
Editor requested this worker to shutdown with reason: Scaling down because of idle timeout
AssetImportWorker is now disconnected from the server
Process exiting
Exiting without the bug reporter. Application will terminate with return code 0